Determining if the pthread_create exist failed with the following output:
Change Dir: /home/odroid/endor/rcCar/catkin_ws/build/CMakeFiles/CMakeTmp

Run Build Command:"/usr/bin/make" "cmTC_46b12/fast"
/usr/bin/make -f CMakeFiles/cmTC_46b12.dir/build.make CMakeFiles/cmTC_46b12.dir/build
make[1]: Entering directory '/home/odroid/endor/rcCar/catkin_ws/build/CMakeFiles/CMakeTmp'
Building C object CMakeFiles/cmTC_46b12.dir/CheckSymbolExists.c.o
/usr/bin/cc     -o CMakeFiles/cmTC_46b12.dir/CheckSymbolExists.c.o   -c /home/odroid/endor/rcCar/catkin_ws/build/CMakeFiles/CMakeTmp/CheckSymbolExists.c
Linking C executable cmTC_46b12
/usr/bin/cmake -E cmake_link_script CMakeFiles/cmTC_46b12.dir/link.txt --verbose=1
/usr/bin/cc       CMakeFiles/cmTC_46b12.dir/CheckSymbolExists.c.o  -o cmTC_46b12 -rdynamic 
CMakeFiles/cmTC_46b12.dir/CheckSymbolExists.c.o: In function `main':
CheckSymbolExists.c:(.text+0xe): undefined reference to `pthread_create'
CheckSymbolExists.c:(.text+0x12): undefined reference to `pthread_create'
collect2: error: ld returned 1 exit status
CMakeFiles/cmTC_46b12.dir/build.make:97: recipe for target 'cmTC_46b12' failed
make[1]: *** [cmTC_46b12] Error 1
make[1]: Leaving directory '/home/odroid/endor/rcCar/catkin_ws/build/CMakeFiles/CMakeTmp'
Makefile:126: recipe for target 'cmTC_46b12/fast' failed
make: *** [cmTC_46b12/fast] Error 2

File /home/odroid/endor/rcCar/catkin_ws/build/CMakeFiles/CMakeTmp/CheckSymbolExists.c:
/* */
#include <pthread.h>

int main(int argc, char** argv)
{
  (void)argv;
#ifndef pthread_create
  return ((int*)(&pthread_create))[argc];
#else
  (void)argc;
  return 0;
#endif
}

Determining if the function pthread_create exists in the pthreads failed with the following output:
Change Dir: /home/odroid/endor/rcCar/catkin_ws/build/CMakeFiles/CMakeTmp

Run Build Command:"/usr/bin/make" "cmTC_024b7/fast"
/usr/bin/make -f CMakeFiles/cmTC_024b7.dir/build.make CMakeFiles/cmTC_024b7.dir/build
make[1]: Entering directory '/home/odroid/endor/rcCar/catkin_ws/build/CMakeFiles/CMakeTmp'
Building C object CMakeFiles/cmTC_024b7.dir/CheckFunctionExists.c.o
/usr/bin/cc    -DCHECK_FUNCTION_EXISTS=pthread_create   -o CMakeFiles/cmTC_024b7.dir/CheckFunctionExists.c.o   -c /usr/share/cmake-3.5/Modules/CheckFunctionExists.c
Linking C executable cmTC_024b7
/usr/bin/cmake -E cmake_link_script CMakeFiles/cmTC_024b7.dir/link.txt --verbose=1
/usr/bin/cc   -DCHECK_FUNCTION_EXISTS=pthread_create    CMakeFiles/cmTC_024b7.dir/CheckFunctionExists.c.o  -o cmTC_024b7 -rdynamic -lpthreads 
/usr/bin/ld: cannot find -lpthreads
collect2: error: ld returned 1 exit status
CMakeFiles/cmTC_024b7.dir/build.make:97: recipe for target 'cmTC_024b7' failed
make[1]: *** [cmTC_024b7] Error 1
make[1]: Leaving directory '/home/odroid/endor/rcCar/catkin_ws/build/CMakeFiles/CMakeTmp'
Makefile:126: recipe for target 'cmTC_024b7/fast' failed
make: *** [cmTC_024b7/fast] Error 2


